Loading data for symbols: ['IF99.CFFEX']
Data directory: C:\Work\projects\autoresearch\trading_autoresearch\./data
Loading C:\Work\projects\autoresearch\trading_autoresearch\./data\IF99.CFFEX.csv...
  Loaded 58320 bars for IF99.CFFEX

Strategy: Enhanced Momentum
Initial capital: 10,000,000.00
Commission rate: 0.0023%
Slippage rate: 0.0100%
Multiplier: 300
Margin rate: 12.0%
Allow short: True
Total bars: 58,320

  Backtesting... 0% (50/58320 bars, 0.0s elapsed)  Backtesting... 10% (5877/58320 bars, 1.5s elapsed)  Backtesting... 20% (11704/58320 bars, 5.0s elapsed)  Backtesting... 30% (17531/58320 bars, 14.6s elapsed)  Backtesting... 40% (23358/58320 bars, 28.2s elapsed)  Backtesting... 50% (29185/58320 bars, 48.4s elapsed)  Backtesting... 60% (35012/58320 bars, 76.6s elapsed)  Backtesting... 70% (40839/58320 bars, 104.5s elapsed)  Backtesting... 80% (46666/58320 bars, 135.1s elapsed)  Backtesting... 90% (52493/58320 bars, 169.3s elapsed)
---
score:            -0.2788
max_drawdown:     0.0404
sharpe_ratio:     -1.91
total_return:     -0.0321
total_trades:     1572
win_rate:         0.3855
bars_processed:   58269
elapsed_seconds:  208.3
round_trips:      786

Generating post-backtest artifacts...
Strategy copy saved: C:\Work\projects\autoresearch\trading_autoresearch\results\strategies_20260607_091750
Equity chart saved: C:\Work\projects\autoresearch\trading_autoresearch\results\equity_20260607_091750_Enhanced_Momentum.png
Summary report saved: C:\Work\projects\autoresearch\trading_autoresearch\results\report_20260607_091750_Enhanced_Momentum.md
Artifacts saved to: C:\Work\projects\autoresearch\trading_autoresearch\results
